
  .   ____          _            __ _ _
 /\\ / ___'_ __ _ _(_)_ __  __ _ \ \ \ \
( ( )\___ | '_ | '_| | '_ \/ _` | \ \ \ \
 \\/  ___)| |_)| | | | | || (_| |  ) ) ) )
  '  |____| .__|_| |_|_| |_\__, | / / / /
 =========|_|==============|___/=/_/_/_/

 :: Spring Boot ::                (v3.5.7)

2025-12-26T22:41:45.389+05:30  INFO 19264 --- [           main] c.e.e.EcobazaarxBackendApplication       : Starting EcobazaarxBackendApplication v0.0.1-SNAPSHOT using Java 25 with PID 19264 (C:\Users\siddh\OneDrive\Desktop\kunal(ecobazar)\ecobazaarx-backend\ecobazaarx-backend\target\ecobazaarx-backend-0.0.1-SNAPSHOT.jar started by siddh in C:\Users\siddh\OneDrive\Desktop\kunal(ecobazar)\ecobazaarx-backend\ecobazaarx-backend)
2025-12-26T22:41:45.394+05:30  INFO 19264 --- [           main] c.e.e.EcobazaarxBackendApplication       : No active profile set, falling back to 1 default profile: "default"
2025-12-26T22:41:46.759+05:30  INFO 19264 --- [           main] .s.d.r.c.RepositoryConfigurationDelegate : Bootstrapping Spring Data JPA repositories in DEFAULT mode.
2025-12-26T22:41:46.906+05:30  INFO 19264 --- [           main] .s.d.r.c.RepositoryConfigurationDelegate : Finished Spring Data repository scanning in 129 ms. Found 13 JPA repository interfaces.
2025-12-26T22:41:48.931+05:30  INFO 19264 --- [           main] o.s.b.w.embedded.tomcat.TomcatWebServer  : Tomcat initialized with port 8090 (http)
2025-12-26T22:41:48.957+05:30  INFO 19264 --- [           main] o.apache.catalina.core.StandardService   : Starting service [Tomcat]
2025-12-26T22:41:48.958+05:30  INFO 19264 --- [           main] o.apache.catalina.core.StandardEngine    : Starting Servlet engine: [Apache Tomcat/10.1.48]
2025-12-26T22:41:49.032+05:30  INFO 19264 --- [           main] o.a.c.c.C.[Tomcat].[localhost].[/]       : Initializing Spring embedded WebApplicationContext
2025-12-26T22:41:49.034+05:30  INFO 19264 --- [           main] w.s.c.ServletWebServerApplicationContext : Root WebApplicationContext: initialization completed in 3489 ms
2025-12-26T22:41:49.408+05:30  INFO 19264 --- [           main] o.hibernate.jpa.internal.util.LogHelper  : HHH000204: Processing PersistenceUnitInfo [name: default]
2025-12-26T22:41:49.545+05:30  INFO 19264 --- [           main] org.hibernate.Version                    : HHH000412: Hibernate ORM core version 6.6.33.Final
2025-12-26T22:41:49.644+05:30  INFO 19264 --- [           main] o.h.c.internal.RegionFactoryInitiator    : HHH000026: Second-level cache disabled
2025-12-26T22:41:50.194+05:30  INFO 19264 --- [           main] o.s.o.j.p.SpringPersistenceUnitInfo      : No LoadTimeWeaver setup: ignoring JPA class transformer
2025-12-26T22:41:50.244+05:30  INFO 19264 --- [           main] com.zaxxer.hikari.HikariDataSource       : HikariPool-1 - Starting...
2025-12-26T22:41:50.632+05:30  INFO 19264 --- [           main] com.zaxxer.hikari.pool.HikariPool        : HikariPool-1 - Added connection com.mysql.cj.jdbc.ConnectionImpl@315b5913
2025-12-26T22:41:50.635+05:30  INFO 19264 --- [           main] com.zaxxer.hikari.HikariDataSource       : HikariPool-1 - Start completed.
2025-12-26T22:41:50.755+05:30  WARN 19264 --- [           main] org.hibernate.orm.deprecation            : HHH90000025: MySQLDialect does not need to be specified explicitly using 'hibernate.dialect' (remove the property setting and it will be selected by default)
2025-12-26T22:41:50.790+05:30  INFO 19264 --- [           main] org.hibernate.orm.connections.pooling    : HHH10001005: Database info:
	Database JDBC URL [Connecting through datasource 'HikariDataSource (HikariPool-1)']
	Database driver: undefined/unknown
	Database version: 8.0.43
	Autocommit mode: undefined/unknown
	Isolation level: undefined/unknown
	Minimum pool size: undefined/unknown
	Maximum pool size: undefined/unknown
2025-12-26T22:41:52.257+05:30  INFO 19264 --- [           main] o.h.e.t.j.p.i.JtaPlatformInitiator       : HHH000489: No JTA platform available (set 'hibernate.transaction.jta.platform' to enable JTA platform integration)
2025-12-26T22:41:52.464+05:30  INFO 19264 --- [           main] j.LocalContainerEntityManagerFactoryBean : Initialized JPA EntityManagerFactory for persistence unit 'default'
2025-12-26T22:41:53.263+05:30  INFO 19264 --- [           main] o.s.d.j.r.query.QueryEnhancerFactory     : Hibernate is in classpath; If applicable, HQL parser will be used.
2025-12-26T22:41:55.171+05:30  WARN 19264 --- [           main] JpaBaseConfiguration$JpaWebConfiguration : spring.jpa.open-in-view is enabled by default. Therefore, database queries may be performed during view rendering. Explicitly configure spring.jpa.open-in-view to disable this warning
2025-12-26T22:41:55.783+05:30  WARN 19264 --- [           main] .s.s.UserDetailsServiceAutoConfiguration : 

Using generated security password: 5bd07d1f-6c7f-4834-9c6c-6cac54a9a8fe

This generated password is for development use only. Your security configuration must be updated before running your application in production.

2025-12-26T22:41:55.816+05:30  INFO 19264 --- [           main] r$InitializeUserDetailsManagerConfigurer : Global AuthenticationManager configured with UserDetailsService bean with name inMemoryUserDetailsManager
2025-12-26T22:41:56.732+05:30  INFO 19264 --- [           main] o.s.b.w.embedded.tomcat.TomcatWebServer  : Tomcat started on port 8090 (http) with context path '/'
2025-12-26T22:41:56.777+05:30  INFO 19264 --- [           main] c.e.e.EcobazaarxBackendApplication       : Started EcobazaarxBackendApplication in 12.287 seconds (process running for 13.151)
